Galaxy2D Game Engine 4.2
版权声明: 版权所有(c) 2005 沈明. 保留所有权利.
主页地址: http://www.cppblog.com/jianguhan/
电子邮箱: jianguhan@126.com
创建时间: 2020-6-12 10:59:30
操作系统: Windows 6.1.7601
CPU信息: Intel(R) Core(TM) i5-4590 CPU @ 3.30GHz
物理内存: 4049M, 剩余:1586M

开始初始化 Galaxy2D Game Engine.
视频设备:NVIDIA GeForce GT 630
最大纹理尺寸:16384x16384
显示模式:425x190x32(窗口)
初始化视频设备成功.
音频设备:扬声器/听筒 (2- Realtek High Definition Audio)
音频位速:16
音频频率:44100
初始化音频设备成功.
Galaxy2D Game Engine 初始化完毕.

载入图像文件[imge/gmgj/zhbj.png]失败.

Galaxy2D Game Engine 运行结束.
